<?xml version="1.0" encoding="UTF-8"?>
<!-- Generated by org.testng.reporters.JUnitXMLReporter -->
<testsuite hostname="win8-vm" name="Default test" tests="3" failures="0" timestamp="7 Jun 2015 18:13:08 GMT" time="0.078" errors="0">
  <testcase name="test" time="0.016" classname="com.toolsqa.framework.tests.day2.DataProviderExample"/>
  <testcase name="test" time="0.0" classname="com.toolsqa.framework.tests.day2.DataProviderExample"/>
  <testcase name="test" time="0.0" classname="com.toolsqa.framework.tests.day2.DataProviderExample"/>
</testsuite> <!-- Default test -->
