<?xml version="1.0" encoding="UTF-8"?>
<testng-results skipped="0" failed="0" total="1" passed="1">
  <reporter-output>
  </reporter-output>
  <suite name="Default suite" duration-ms="38" started-at="2015-06-06T18:03:06Z" finished-at="2015-06-06T18:03:06Z">
    <groups>
    </groups>
    <test name="Default test" duration-ms="38" started-at="2015-06-06T18:03:06Z" finished-at="2015-06-06T18:03:06Z">
      <class name="com.toolsqa.framework.tests.TestNG_001">
        <test-method status="PASS" signature="beforeMethod()[pri:0, instance:com.toolsqa.framework.tests.TestNG_001@5a01ccaa]" name="beforeMethod" is-config="true" duration-ms="20" started-at="2015-06-06T11:03:06Z" finished-at="2015-06-06T11:03:06Z">
          <reporter-output>
          </reporter-output>
        </test-method> <!-- beforeMethod -->
        <test-method status="PASS" signature="testRun2()[pri:0, instance:com.toolsqa.framework.tests.TestNG_001@5a01ccaa]" name="testRun2" duration-ms="2" started-at="2015-06-06T11:03:06Z" finished-at="2015-06-06T11:03:06Z">
          <reporter-output>
          </reporter-output>
        </test-method> <!-- testRun2 -->
        <test-method status="PASS" signature="afterMethod()[pri:0, instance:com.toolsqa.framework.tests.TestNG_001@5a01ccaa]" name="afterMethod" is-config="true" duration-ms="0" started-at="2015-06-06T11:03:06Z" finished-at="2015-06-06T11:03:06Z">
          <reporter-output>
          </reporter-output>
        </test-method> <!-- afterMethod -->
      </class> <!-- com.toolsqa.framework.tests.TestNG_001 -->
    </test> <!-- Default test -->
  </suite> <!-- Default suite -->
</testng-results>
